t=2022-01-08T20:02:00+0200 lvl=info msg="open config file" path=/Users/thunder/.ngrok2/ngrok.yml err=nil
t=2022-01-08T20:02:00+0200 lvl=dbug msg="ignoring manifest file with unhandled mimetype" name=glyphicons-halflings-regular.svg ext=.svg
t=2022-01-08T20:02:00+0200 lvl=dbug msg="ignoring manifest file with unhandled mimetype" name=vendor.svg ext=.svg
t=2022-01-08T20:02:00+0200 lvl=dbug msg="starting component" obj=app name="signal handler"
t=2022-01-08T20:02:00+0200 lvl=dbug msg="starting component" obj=app name=web
t=2022-01-08T20:02:00+0200 lvl=info msg="starting web service" obj=web addr=127.0.0.1:4040
t=2022-01-08T20:02:00+0200 lvl=dbug msg="starting component" obj=app name="Tunnel session"
t=2022-01-08T20:02:00+0200 lvl=dbug msg="starting component" obj=app name=updater
t=2022-01-08T20:02:00+0200 lvl=dbug msg="checking for updates periodically" obj=updater interval=6h0m0s
t=2022-01-08T20:02:00+0200 lvl=dbug msg="check for update" obj=updater
t=2022-01-08T20:02:00+0200 lvl=info msg=start pg=/grpc/agent.Web/State id=2bbbb902480eaf60
t=2022-01-08T20:02:00+0200 lvl=dbug msg="open stream" obj=csess id=722767b16fd7 reqtype=0 err=nil
t=2022-01-08T20:02:00+0200 lvl=dbug msg="encode request" obj=csess id=722767b16fd7 sid=3 req="&{Version:[2] ClientID: Extra:{OS:darwin Arch:amd64 Authtoken:1gsJ49S2XCIOZM5AMynyeht9w8X_5ABZ98sjGeNwNHDaRPETc Version:2.3.40 Hostname:tunnel.us.ngrok.com UserAgent:ngrok/2 Metadata: Cookie: HeartbeatInterval:10000000000 HeartbeatTolerance:15000000000 Fingerprint:0xc0005870b0 UpdateUnsupportedError:0xc0005827e0 StopUnsupportedError:0xc0005827d0 RestartUnsupportedError:0xc0005827c0}}" err=nil
t=2022-01-08T20:02:00+0200 lvl=dbug msg="decoded response" obj=csess id=722767b16fd7 sid=3 resp="&{Version:2 ClientID:09923e94929a0b5a25d01d204db8551f Error: Extra:{Version:prod Cookie:HGyjNiaHRPD5FZZ20HIeXaor2I1gELo/$exvZVPin7bk5uy7IStEyr6OD2XJrjatWDP7lRkBf+FuF6IxTsZd+x4npcaHKgRd86EF333l9Ye1Jf/67xcyHtnuQRRRmrtwuBh6s+xIdZEapgYm2+Z7yrXYakItFsvF5V95skLAkOZPfcoYPuo/wJB0oVCbPg1B7KkwB7QhBEUeKysIpzZTY1ZdYp+EWodIiujo6umhCzQaf3XPlHzQ= AccountName:Aurel Brinzeanu SessionDuration:0 PlanName:Free}}" err=nil
t=2022-01-08T20:02:00+0200 lvl=info msg="tunnel session started" obj=tunnels.session
t=2022-01-08T20:02:00+0200 lvl=info msg="client session established" obj=csess id=2528230e5df5
t=2022-01-08T20:02:00+0200 lvl=dbug msg="open stream" obj=csess id=722767b16fd7 clientid=09923e94929a0b5a25d01d204db8551f reqtype=1 err=nil
t=2022-01-08T20:02:00+0200 lvl=dbug msg="encode request" obj=csess id=722767b16fd7 clientid=09923e94929a0b5a25d01d204db8551f sid=7 req="&{ID: ClientID: Proto:https Opts:0xc00071a690 Extra:{Token: IPPolicyRef: Metadata:}}" err=nil
t=2022-01-08T20:02:00+0200 lvl=dbug msg="decoded response" obj=csess id=722767b16fd7 clientid=09923e94929a0b5a25d01d204db8551f sid=7 resp="&{ClientID:5dd5645be0454d6f8a1dc5f9130a6d1b URL:https://b1cd-109-185-141-9.ngrok.io Proto:https Opts:map[Auth: BasicAuth:<nil> CircuitBreaker:<nil> Compression:<nil> HostHeaderRewrite:false Hostname:b1cd-109-185-141-9.ngrok.io IPRestriction:<nil> LocalURLScheme:https MutualTLSCA:<nil> OAuth:<nil> ProxyProto:0 RequestHeaders:<nil> ResponseHeaders:<nil> Subdomain: WebhookVerification:<nil> WebsocketTCPConverter:<nil>] Error: Extra:{Token:L+C5Xuf2F8JjA2o8cloUX4NwcMTUo4l0$CkYDAnj+Dm17nYZ1/H/o5wuzNHWDUZqJHU6Omj61l0hf9C3KZ0wtrIDGe9W03+syfaQjYP1UL/BQwxEGReR5UHJpCFUtSmK87vIHrKCsQMnE9Z74FwIKNKXDv59LGSy83OcLyeFvx5GhbqpACeWGJ9u/5nBAG86UP2fAGHCiUYcdmRwpNfygjv/MQazbMAe54YqPn1ZzonDXZy7Lzo9gWUDHqkpuLITDhmEW6RIgz311QpIMRSHb6kfZ2nmfXAZz/2exRPMe9uAYuffJK+zIwX/E3kKCXflrd9+ZJ7cw6Eiaroa5SRl0Tixsp9eWEWl9bn7+ubIfO7lSqd2mDRUKWhm0JgAZJIcGrwL9JZ2EKxgXABoGVKyJ89BJfY+Ok9W1leVxHQ+P1DERjHD8Hxp+MfHCa+fqFxM3UObs2MV0j3DZ7ReengLdamok39Z4yXwjIxxfGyGo86Di9bRDpQKgP49/wdvn4qOdLq9hIrWFqkkP/fGr2Hz3hIwGmjY0xC2Zr9ha7Ik+FoFe4tvhRVinZC9TdrnfkY1wdx2Xel5iAsG13k31FtUdCmzPaRnYBAhxn4xDhX10blULXiE=}}" err=nil
t=2022-01-08T20:02:00+0200 lvl=dbug msg="start tunnel listen" obj=tunnels.session name=command_line proto=https opts="&{Hostname: Auth: Subdomain: HostHeaderRewrite:false LocalURLScheme:https}" err=nil
t=2022-01-08T20:02:00+0200 lvl=dbug msg="open stream" obj=csess id=722767b16fd7 clientid=09923e94929a0b5a25d01d204db8551f reqtype=1 err=nil
t=2022-01-08T20:02:00+0200 lvl=dbug msg="encode request" obj=csess id=722767b16fd7 clientid=09923e94929a0b5a25d01d204db8551f sid=9 req="&{ID: ClientID: Proto:http Opts:0xc00091a0f0 Extra:{Token: IPPolicyRef: Metadata:}}" err=nil
t=2022-01-08T20:02:00+0200 lvl=dbug msg="no update available" obj=updater
t=2022-01-08T20:02:01+0200 lvl=dbug msg="decoded response" obj=csess id=722767b16fd7 clientid=09923e94929a0b5a25d01d204db8551f sid=9 resp="&{ClientID:bbde46c7c553a50d47e73f8ed2a5f94f URL:http://b1cd-109-185-141-9.ngrok.io Proto:http Opts:map[Auth: BasicAuth:<nil> CircuitBreaker:<nil> Compression:<nil> HostHeaderRewrite:false Hostname:b1cd-109-185-141-9.ngrok.io IPRestriction:<nil> LocalURLScheme:https MutualTLSCA:<nil> OAuth:<nil> ProxyProto:0 RequestHeaders:<nil> ResponseHeaders:<nil> Subdomain: WebhookVerification:<nil> WebsocketTCPConverter:<nil>] Error: Extra:{Token:ulvkj4ZPhRugBcDpoJTiDaWlhFBKSJje$pNXpffDJJ1LGn6FfYcksW+hS6eaJBI9Ia1e3QkA18EPjQJgH7DTumRRsx/XBXkONc/hK38y5W4pQ6bOwBvKg8Nxf5HJltbvgcTH+Spxitf1/6+LzA8LGX0L6kHS7+sdtshfD8j3CFb1sds1AaP0ZJcxBNLHuALiWLV7VvK1GCas77PydCivnsToPNz35Y8SENtT2w1Ws3d9O55udnDyvrqF5VVLgYkc4jq1NHxbuEETulgva1q6svMX304dIS6H+93PRsAxKwdc/4sMhTCC1e5uYqP639iMlHKoZ9f+vA8pI7jLB+A05s4NapGwfmDeyNyjlu7s8X37VMUlMV49ETWIw71PhhXnT7ydwclxnUy28TGDiiZ/9DIdcmEO5EZulFh4QRfL3WlsAWsvbvpjCUUmJI6ZPwmvfw9nTob+cShTuaDWyFjahk+PgSzisrALFHGuUlyf93YfSA1GzYvofp24UBz5DjfezYx3kC2g6sRkJfKX3KvPgP/pjQhVyRywp7bUEBT7u3EvGh+dy77Nw7+dTpqFRFAOB55go1GvuKdt6vv816xt6FuzRAti13DkVWMxcUfufGULpeA==}}" err=nil
t=2022-01-08T20:02:01+0200 lvl=dbug msg="start tunnel listen" obj=tunnels.session name="command_line (http)" proto=http opts="&{Hostname:b1cd-109-185-141-9.ngrok.io Auth: Subdomain: HostHeaderRewrite:false LocalURLScheme:https}" err=nil
t=2022-01-08T20:02:01+0200 lvl=info msg="started tunnel" obj=tunnels name="command_line (http)" addr=https://localhost:3000 url=http://b1cd-109-185-141-9.ngrok.io
t=2022-01-08T20:02:01+0200 lvl=info msg="started tunnel" obj=tunnels name=command_line addr=https://localhost:3000 url=https://b1cd-109-185-141-9.ngrok.io
t=2022-01-08T20:02:01+0200 lvl=info msg=start pg=/grpc/agent.Web/State id=e7293c8805b32c56
t=2022-01-08T20:02:10+0200 lvl=dbug msg="heartbeat received" obj=csess id=722767b16fd7 clientid=09923e94929a0b5a25d01d204db8551f latency_ms=446
t=2022-01-08T20:02:21+0200 lvl=dbug msg="heartbeat received" obj=csess id=722767b16fd7 clientid=09923e94929a0b5a25d01d204db8551f latency_ms=149
t=2022-01-08T20:02:31+0200 lvl=dbug msg="heartbeat received" obj=csess id=722767b16fd7 clientid=09923e94929a0b5a25d01d204db8551f latency_ms=155
t=2022-01-08T20:02:41+0200 lvl=dbug msg="heartbeat received" obj=csess id=722767b16fd7 clientid=09923e94929a0b5a25d01d204db8551f latency_ms=151
t=2022-01-08T20:02:51+0200 lvl=dbug msg="heartbeat received" obj=csess id=722767b16fd7 clientid=09923e94929a0b5a25d01d204db8551f latency_ms=150
t=2022-01-08T20:03:01+0200 lvl=dbug msg="heartbeat received" obj=csess id=722767b16fd7 clientid=09923e94929a0b5a25d01d204db8551f latency_ms=149
